{
  "RSpec": {
    "coverage": {
      "/home/lorenzo-linux/code/lrnzgll/atuttapista/config/environment.rb": [
        null,
        1,
        null,
        null,
        1
      ],
      "/home/lorenzo-linux/code/lrnzgll/atuttapista/config/application.rb": [
        1,
        null,
        1,
        null,
        null,
        null,
        1,
        null,
        1,
        1,
        1,
        1,
        1,
        1,
        null,
        null,
        1,
        1,
        1,
        1,
        1,
        null,
        null,
        null,
        null,
        null,
        null
      ],
      "/home/lorenzo-linux/code/lrnzgll/atuttapista/config/boot.rb": [
        1,
        null,
        1,
        1
      ],
      "/home/lorenzo-linux/code/lrnzgll/atuttapista/config/spring.rb": [
        1,
        null,
        null,
        null,
        null,
        null
      ],
      "/home/lorenzo-linux/code/lrnzgll/atuttapista/config/environments/test.rb": [
        null,
        null,
        null,
        null,
        null,
        1,
        null,
        null,
        1,
        null,
        null,
        null,
        null,
        1,
        null,
        null,
        1,
        1,
        null,
        null,
        null,
        null,
        1,
        1,
        1,
        null,
        null,
        1,
        null,
        null,
        1,
        null,
        null,
        1,
        null,
        1,
        null,
        null,
        null,
        null,
        1,
        null,
        null,
        1,
        null,
        null,
        null,
        null
      ],
      "/home/lorenzo-linux/code/lrnzgll/atuttapista/config/initializers/application_controller_renderer.rb": [
        null,
        null,
        null,
        null,
        null,
        null,
        null,
        null
      ],
      "/home/lorenzo-linux/code/lrnzgll/atuttapista/config/initializers/assets.rb": [
        null,
        null,
        null,
        1,
        null,
        null,
        null,
        null,
        1,
        null,
        null,
        null,
        null,
        null
      ],
      "/home/lorenzo-linux/code/lrnzgll/atuttapista/config/initializers/backtrace_silencers.rb": [
        null,
        null,
        null,
        null,
        null,
        null,
        null
      ],
      "/home/lorenzo-linux/code/lrnzgll/atuttapista/config/initializers/content_security_policy.rb": [
        null,
        null,
        null,
        null,
        null,
        null,
        null,
        null,
        null,
        null,
        null,
        null,
        null,
        null,
        null,
        null,
        null,
        null,
        null,
        null,
        null,
        null,
        null,
        null,
        null,
        null,
        null
      ],
      "/home/lorenzo-linux/code/lrnzgll/atuttapista/config/initializers/cookies_serializer.rb": [
        null,
        null,
        null,
        null,
        1
      ],
      "/home/lorenzo-linux/code/lrnzgll/atuttapista/config/initializers/devise.rb": [
        null,
        null,
        null,
        null,
        1,
        null,
        null,
        null,
        null,
        null,
        null,
        null,
        null,
        null,
        null,
        null,
        null,
        null,
        null,
        null,
        1,
        null,
        null,
        null,
        null,
        null,
        null,
        null,
        null,
        null,
        null,
        null,
        1,
        null,
        null,
        null,
        null,
        null,
        null,
        null,
        null,
        null,
        null,
        null,
        null,
        null,
        null,
        null,
        null,
        null,
        null,
        null,
        null,
        null,
        1,
        null,
        null,
        null,
        null,
        1,
        null,
        null,
        null,
        null,
        null,
        null,
        null,
        null,
        null,
        null,
        null,
        null,
        null,
        null,
        null,
        null,
        null,
        null,
        null,
        null,
        null,
        null,
        null,
        null,
        null,
        null,
        null,
        null,
        null,
        null,
        1,
        null,
        null,
        null,
        null,
        null,
        null,
        null,
        null,
        null,
        null,
        null,
        null,
        null,
        null,
        null,
        null,
        null,
        null,
        null,
        null,
        null,
        null,
        1,
        null,
        null,
        null,
        null,
        null,
        null,
        null,
        null,
        null,
        null,
        null,
        null,
        null,
        null,
        null,
        null,
        null,
        null,
        null,
        null,
        null,
        null,
        null,
        null,
        null,
        null,
        null,
        null,
        null,
        null,
        null,
        null,
        null,
        1,
        null,
        null,
        null,
        null,
        null,
        null,
        null,
        null,
        null,
        1,
        null,
        null,
        null,
        null,
        null,
        null,
        null,
        null,
        null,
        null,
        1,
        null,
        null,
        null,
        null,
        1,
        null,
        null,
        null,
        null,
        null,
        null,
        null,
        null,
        null,
        null,
        null,
        null,
        null,
        null,
        null,
        null,
        null,
        null,
        null,
        null,
        null,
        null,
        null,
        null,
        null,
        null,
        null,
        null,
        null,
        null,
        null,
        null,
        null,
        null,
        null,
        null,
        null,
        null,
        null,
        null,
        1,
        null,
        null,
        null,
        null,
        null,
        null,
        null,
        null,
        null,
        null,
        null,
        null,
        null,
        null,
        null,
        null,
        null,
        null,
        null,
        null,
        null,
        null,
        null,
        null,
        null,
        null,
        null,
        null,
        null,
        null,
        null,
        null,
        null,
        null,
        null,
        null,
        null,
        null,
        null,
        null,
        null,
        1,
        null,
        null,
        null,
        null,
        null,
        null,
        null,
        null,
        null,
        null,
        null,
        null,
        null,
        null,
        null,
        null,
        null,
        null,
        null,
        null,
        null,
        null,
        null,
        null,
        null,
        null,
        null,
        null,
        null,
        null,
        null,
        null,
        null,
        null,
        null,
        null,
        null,
        null,
        null,
        null,
        null,
        null
      ],
      "/home/lorenzo-linux/code/lrnzgll/atuttapista/config/initializers/filter_parameter_logging.rb": [
        null,
        null,
        null,
        1
      ],
      "/home/lorenzo-linux/code/lrnzgll/atuttapista/config/initializers/inflections.rb": [
        null,
        null,
        null,
        null,
        null,
        null,
        null,
        null,
        null,
        null,
        null,
        null,
        null,
        null,
        null,
        null
      ],
      "/home/lorenzo-linux/code/lrnzgll/atuttapista/config/initializers/mime_types.rb": [
        null,
        null,
        null,
        null
      ],
      "/home/lorenzo-linux/code/lrnzgll/atuttapista/config/initializers/simple_form.rb": [
        null,
        null,
        null,
        null,
        null,
        null,
        null,
        null,
        null,
        1,
        null,
        null,
        null,
        null,
        null,
        1,
        null,
        null,
        null,
        null,
        null,
        null,
        null,
        null,
        null,
        1,
        null,
        null,
        null,
        1,
        null,
        null,
        null,
        null,
        null,
        null,
        null,
        null,
        null,
        1,
        null,
        null,
        1,
        null,
        null,
        1,
        null,
        null,
        1,
        null,
        null,
        1,
        null,
        null,
        null,
        1,
        1,
        1,
        null,
        null,
        null,
        null,
        null,
        null,
        null,
        null,
        null,
        1,
        null,
        null,
        null,
        null,
        null,
        1,
        null,
        null,
        1,
        null,
        null,
        null,
        null,
        null,
        null,
        null,
        1,
        null,
        null,
        1,
        null,
        null,
        null,
        null,
        null,
        null,
        null,
        null,
        null,
        null,
        null,
        null,
        null,
        null,
        null,
        null,
        null,
        null,
        null,
        null,
        null,
        null,
        null,
        null,
        null,
        null,
        null,
        null,
        null,
        null,
        null,
        null,
        null,
        null,
        null,
        null,
        null,
        null,
        null,
        null,
        null,
        1,
        null,
        null,
        null,
        null,
        null,
        null,
        null,
        null,
        null,
        null,
        null,
        null,
        null,
        null,
        null,
        null,
        null,
        null,
        null,
        null,
        null,
        null,
        null,
        null,
        null,
        null,
        null,
        null,
        null,
        null,
        null,
        null,
        null,
        null,
        null,
        null,
        1,
        null,
        null,
        null,
        null,
        null,
        null,
        null,
        null,
        null,
        null,
        null,
        null
      ],
      "/home/lorenzo-linux/code/lrnzgll/atuttapista/config/initializers/simple_form_bootstrap.rb": [
        null,
        null,
        null,
        null,
        null,
        null,
        null,
        null,
        null,
        null,
        null,
        null,
        null,
        null,
        null,
        1,
        null,
        1,
        null,
        null,
        1,
        null,
        null,
        1,
        null,
        null,
        1,
        null,
        null,
        1,
        null,
        null,
        null,
        1,
        null,
        null,
        1,
        null,
        null,
        null,
        null,
        1,
        null,
        null,
        1,
        1,
        null,
        null,
        null,
        null,
        null,
        1,
        1,
        1,
        1,
        1,
        1,
        1,
        1,
        1,
        1,
        1,
        1,
        null,
        null,
        null,
        1,
        1,
        1,
        1,
        1,
        1,
        1,
        1,
        null,
        null,
        null,
        null,
        1,
        1,
        1,
        1,
        1,
        null,
        1,
        1,
        1,
        null,
        null,
        null,
        1,
        1,
        1,
        1,
        1,
        null,
        1,
        1,
        1,
        null,
        null,
        null,
        1,
        1,
        1,
        1,
        1,
        1,
        1,
        1,
        1,
        1,
        null,
        null,
        null,
        1,
        1,
        1,
        1,
        1,
        1,
        null,
        1,
        1,
        null,
        null,
        null,
        1,
        1,
        1,
        1,
        1,
        1,
        1,
        1,
        1,
        null,
        null,
        null,
        null,
        null,
        null,
        1,
        1,
        1,
        1,
        1,
        1,
        1,
        1,
        1,
        1,
        1,
        1,
        1,
        null,
        null,
        null,
        null,
        1,
        1,
        1,
        1,
        1,
        null,
        1,
        1,
        1,
        1,
        1,
        1,
        null,
        null,
        null,
        null,
        null,
        1,
        1,
        1,
        1,
        1,
        1,
        1,
        1,
        null,
        null,
        null,
        null,
        1,
        1,
        1,
        1,
        1,
        1,
        1,
        1,
        null,
        null,
        null,
        null,
        1,
        1,
        1,
        1,
        1,
        1,
        1,
        1,
        1,
        1,
        1,
        null,
        null,
        null,
        null,
        1,
        1,
        1,
        1,
        1,
        1,
        1,
        null,
        1,
        1,
        null,
        null,
        null,
        null,
        1,
        1,
        1,
        1,
        1,
        1,
        1,
        1,
        1,
        1,
        null,
        null,
        null,
        null,
        null,
        null,
        null,
        1,
        1,
        1,
        1,
        1,
        1,
        1,
        1,
        1,
        null,
        1,
        1,
        1,
        null,
        null,
        null,
        1,
        1,
        1,
        1,
        1,
        1,
        1,
        null,
        null,
        null,
        null,
        null,
        null,
        1,
        1,
        1,
        1,
        1,
        1,
        1,
        1,
        null,
        null,
        null,
        1,
        1,
        1,
        1,
        1,
        1,
        1,
        1,
        null,
        null,
        null,
        null,
        1,
        1,
        1,
        1,
        1,
        null,
        1,
        1,
        1,
        null,
        null,
        null,
        1,
        1,
        1,
        1,
        1,
        null,
        1,
        1,
        1,
        null,
        null,
        null,
        1,
        1,
        1,
        1,
        1,
        1,
        1,
        1,
        1,
        1,
        1,
        null,
        1,
        null,
        null,
        null,
        1,
        1,
        1,
        1,
        1,
        1,
        null,
        1,
        1,
        null,
        null,
        null,
        1,
        1,
        1,
        1,
        1,
        1,
        1,
        1,
        1,
        null,
        null,
        null,
        null,
        null,
        null,
        null,
        null,
        null,
        null,
        null,
        null,
        null,
        null,
        null,
        null,
        null,
        null,
        null,
        null,
        null,
        null,
        null,
        null,
        null,
        null,
        null,
        1,
        1,
        1,
        1,
        1,
        1,
        1,
        1,
        1,
        1,
        1,
        1,
        null,
        null,
        null,
        1,
        1,
        1,
        1,
        1,
        1,
        1,
        null,
        null,
        null,
        null,
        1,
        null,
        null,
        null,
        1,
        null,
        null,
        null,
        null,
        null,
        null,
        null,
        null,
        null,
        null,
        null,
        null,
        null,
        null,
        null,
        null,
        null,
        null,
        null,
        null,
        null,
        null
      ],
      "/home/lorenzo-linux/code/lrnzgll/atuttapista/config/initializers/wrap_parameters.rb": [
        null,
        null,
        null,
        null,
        null,
        null,
        1,
        2,
        null,
        null,
        null,
        null,
        null,
        null
      ],
      "/home/lorenzo-linux/code/lrnzgll/atuttapista/spec/factories/address_locations.rb": [
        1,
        1,
        1,
        1,
        1,
        1,
        1,
        null,
        null
      ],
      "/home/lorenzo-linux/code/lrnzgll/atuttapista/spec/factories/addresses.rb": [
        1,
        1,
        1,
        1,
        1,
        null,
        null
      ],
      "/home/lorenzo-linux/code/lrnzgll/atuttapista/spec/factories/counties.rb": [
        1,
        1,
        1,
        1,
        1,
        null,
        null
      ],
      "/home/lorenzo-linux/code/lrnzgll/atuttapista/spec/factories/country_factories.rb": [
        1,
        1,
        1,
        1,
        null,
        null
      ],
      "/home/lorenzo-linux/code/lrnzgll/atuttapista/spec/factories/county_routes.rb": [
        1,
        1,
        1,
        1,
        null,
        null
      ],
      "/home/lorenzo-linux/code/lrnzgll/atuttapista/spec/factories/kind_factories.rb": [
        1,
        1,
        1,
        1,
        null,
        null
      ],
      "/home/lorenzo-linux/code/lrnzgll/atuttapista/spec/factories/place_of_interests.rb": [
        1,
        1,
        1,
        1,
        1,
        null,
        null
      ],
      "/home/lorenzo-linux/code/lrnzgll/atuttapista/spec/factories/region_factories.rb": [
        1,
        null,
        1,
        1,
        1,
        1,
        1,
        null,
        null
      ],
      "/home/lorenzo-linux/code/lrnzgll/atuttapista/spec/factories/region_routes_factories.rb": [
        1,
        1,
        1,
        1,
        null,
        null
      ],
      "/home/lorenzo-linux/code/lrnzgll/atuttapista/spec/factories/route_locations.rb": [
        1,
        1,
        1,
        1,
        1,
        null,
        null
      ],
      "/home/lorenzo-linux/code/lrnzgll/atuttapista/spec/factories/routes_factories.rb": [
        1,
        null,
        1,
        1,
        1,
        1,
        1,
        1,
        1,
        1,
        null,
        null
      ],
      "/home/lorenzo-linux/code/lrnzgll/atuttapista/spec/factories/surfaces.rb": [
        1,
        1,
        1,
        1,
        null,
        null
      ],
      "/home/lorenzo-linux/code/lrnzgll/atuttapista/spec/factories/towns.rb": [
        1,
        1,
        1,
        1,
        1,
        null,
        null
      ],
      "/home/lorenzo-linux/code/lrnzgll/atuttapista/spec/factories/users.rb": [
        1,
        1,
        1,
        1,
        1,
        null,
        null
      ],
      "/home/lorenzo-linux/code/lrnzgll/atuttapista/config/routes.rb": [
        1,
        1,
        1,
        1,
        1,
        1,
        1,
        1,
        1,
        1,
        1,
        1,
        null,
        null,
        1,
        null
      ],
      "/home/lorenzo-linux/code/lrnzgll/atuttapista/app/models/user.rb": [
        1,
        1,
        null,
        null,
        1,
        null,
        null,
        1,
        1,
        null,
        1,
        null,
        1,
        0,
        null,
        null
      ],
      "/home/lorenzo-linux/code/lrnzgll/atuttapista/app/models/application_record.rb": [
        1,
        1,
        null
      ],
      "/home/lorenzo-linux/code/lrnzgll/atuttapista/app/helpers/application_helper.rb": [
        1,
        null
      ],
      "/home/lorenzo-linux/code/lrnzgll/atuttapista/spec/controllers/regions_controller_spec.rb": [
        1,
        null,
        1,
        null,
        null
      ],
      "/home/lorenzo-linux/code/lrnzgll/atuttapista/app/controllers/regions_controller.rb": [
        1,
        1,
        1,
        null,
        1,
        0,
        null,
        null,
        1,
        null,
        1,
        0,
        null,
        null
      ],
      "/home/lorenzo-linux/code/lrnzgll/atuttapista/app/controllers/application_controller.rb": [
        null,
        1,
        1,
        1,
        1,
        null,
        1,
        null,
        1,
        0,
        0,
        null,
        null,
        1,
        0,
        null,
        null
      ],
      "/home/lorenzo-linux/code/lrnzgll/atuttapista/spec/facades/intro_page_facade_spec.rb": [
        1,
        null,
        null,
        1,
        0,
        0,
        0,
        0,
        0,
        0,
        null,
        0,
        0,
        0,
        0,
        0,
        null,
        0,
        0,
        0,
        null,
        null,
        null,
        0,
        0,
        0,
        0,
        null,
        0,
        0,
        0,
        null,
        null,
        null,
        0,
        0,
        0,
        0,
        null,
        null,
        null,
        null
      ],
      "/home/lorenzo-linux/code/lrnzgll/atuttapista/spec/models/address_location_spec.rb": [
        1,
        null,
        1,
        1,
        1,
        null,
        null,
        1,
        0,
        null,
        null,
        1,
        0,
        0,
        null,
        null,
        1,
        0,
        0,
        null,
        null,
        1,
        1,
        null,
        null,
        1,
        null
      ],
      "/home/lorenzo-linux/code/lrnzgll/atuttapista/app/models/address_location.rb": [
        1,
        1,
        1,
        null,
        1,
        1,
        null
      ],
      "/home/lorenzo-linux/code/lrnzgll/atuttapista/spec/models/address_spec.rb": [
        1,
        null,
        1,
        null,
        1,
        1,
        null
      ],
      "/home/lorenzo-linux/code/lrnzgll/atuttapista/app/models/address.rb": [
        1,
        1,
        1,
        null
      ],
      "/home/lorenzo-linux/code/lrnzgll/atuttapista/spec/models/country_spec.rb": [
        1,
        null,
        null,
        1,
        1,
        null,
        null,
        1,
        0,
        null,
        null,
        1,
        0,
        0,
        null,
        null,
        1,
        0,
        0,
        null,
        null,
        1,
        1,
        null,
        null
      ],
      "/home/lorenzo-linux/code/lrnzgll/atuttapista/app/models/country.rb": [
        1,
        1,
        null,
        1,
        1,
        null,
        1,
        0,
        null,
        null,
        null,
        null
      ],
      "/home/lorenzo-linux/code/lrnzgll/atuttapista/spec/models/county_route_spec.rb": [
        1,
        null,
        1,
        1,
        1,
        null
      ],
      "/home/lorenzo-linux/code/lrnzgll/atuttapista/app/models/county_route.rb": [
        1,
        1,
        1,
        null
      ],
      "/home/lorenzo-linux/code/lrnzgll/atuttapista/spec/models/county_spec.rb": [
        1,
        null,
        1,
        1,
        1,
        null,
        1,
        0,
        null,
        null,
        1,
        0,
        0,
        null,
        null,
        1,
        0,
        0,
        null,
        null,
        1,
        1,
        1,
        null,
        1,
        null
      ],
      "/home/lorenzo-linux/code/lrnzgll/atuttapista/app/models/county.rb": [
        1,
        1,
        1,
        1,
        null,
        1,
        1,
        1,
        1,
        null,
        1,
        1,
        null
      ],
      "/home/lorenzo-linux/code/lrnzgll/atuttapista/spec/models/kind_spec.rb": [
        1,
        null,
        1,
        1,
        1,
        null,
        1,
        0,
        null,
        null,
        1,
        0,
        null,
        null,
        1,
        0,
        0,
        null,
        null,
        1,
        null,
        1,
        null
      ],
      "/home/lorenzo-linux/code/lrnzgll/atuttapista/app/models/kind.rb": [
        1,
        1,
        null,
        1,
        1,
        1,
        null
      ],
      "/home/lorenzo-linux/code/lrnzgll/atuttapista/spec/models/place_of_interest_spec.rb": [
        1,
        null,
        1,
        1,
        null,
        1,
        0,
        null,
        null,
        1,
        0,
        0,
        null,
        null,
        1,
        0,
        0,
        null,
        null,
        1,
        1,
        null,
        null,
        1,
        null
      ],
      "/home/lorenzo-linux/code/lrnzgll/atuttapista/app/models/place_of_interest.rb": [
        1,
        1,
        1,
        null,
        1,
        1,
        null
      ],
      "/home/lorenzo-linux/code/lrnzgll/atuttapista/spec/models/region_route_spec.rb": [
        1,
        null,
        1,
        1,
        1,
        1,
        null,
        1,
        0,
        null,
        null,
        1,
        0,
        0,
        null,
        null,
        1,
        0,
        0,
        null,
        1,
        1,
        null
      ],
      "/home/lorenzo-linux/code/lrnzgll/atuttapista/app/models/region_route.rb": [
        1,
        1,
        1,
        null
      ],
      "/home/lorenzo-linux/code/lrnzgll/atuttapista/spec/models/region_spec.rb": [
        1,
        null,
        1,
        1,
        1,
        null,
        1,
        0,
        null,
        null,
        1,
        0,
        0,
        null,
        null,
        1,
        0,
        0,
        null,
        null,
        1,
        1,
        1,
        null,
        1,
        null
      ],
      "/home/lorenzo-linux/code/lrnzgll/atuttapista/app/models/region.rb": [
        1,
        1,
        1,
        1,
        null,
        1,
        1,
        null,
        1,
        1,
        null,
        1,
        1,
        null
      ],
      "/home/lorenzo-linux/code/lrnzgll/atuttapista/spec/models/route_location_spec.rb": [
        1,
        null,
        1,
        1,
        null,
        1,
        0,
        null,
        null,
        1,
        0,
        0,
        null,
        null,
        1,
        0,
        0,
        null,
        null,
        1,
        1,
        null,
        null,
        1,
        null
      ],
      "/home/lorenzo-linux/code/lrnzgll/atuttapista/app/models/route_location.rb": [
        1,
        1,
        1,
        null,
        1,
        1,
        null
      ],
      "/home/lorenzo-linux/code/lrnzgll/atuttapista/spec/models/route_spec.rb": [
        1,
        null,
        1,
        1,
        null,
        1,
        0,
        null,
        null,
        1,
        0,
        0,
        null,
        null,
        1,
        0,
        0,
        null,
        null,
        1,
        0,
        0,
        null,
        null,
        1,
        0,
        0,
        null,
        1,
        0,
        null,
        1,
        1,
        1,
        1,
        1,
        null,
        null,
        null,
        1,
        null
      ],
      "/home/lorenzo-linux/code/lrnzgll/atuttapista/app/models/route.rb": [
        1,
        null,
        1,
        null,
        1,
        1,
        1,
        1,
        1,
        null,
        1,
        null,
        1,
        1,
        1,
        1,
        1,
        null,
        null,
        1,
        0,
        null,
        null,
        null
      ],
      "/home/lorenzo-linux/code/lrnzgll/atuttapista/spec/models/surface_spec.rb": [
        1,
        null,
        1,
        1,
        1,
        null,
        1,
        0,
        null,
        null,
        1,
        0,
        null,
        null,
        1,
        0,
        0,
        null,
        null,
        1,
        null,
        1,
        null
      ],
      "/home/lorenzo-linux/code/lrnzgll/atuttapista/app/models/surface.rb": [
        1,
        1,
        null,
        1,
        1,
        1,
        null
      ],
      "/home/lorenzo-linux/code/lrnzgll/atuttapista/spec/models/town_spec.rb": [
        1,
        null,
        1,
        1,
        1,
        null,
        1,
        0,
        null,
        null,
        1,
        0,
        0,
        null,
        null,
        1,
        0,
        0,
        null,
        null,
        1,
        null
      ],
      "/home/lorenzo-linux/code/lrnzgll/atuttapista/app/models/town.rb": [
        1,
        1,
        null,
        1,
        null
      ],
      "/home/lorenzo-linux/code/lrnzgll/atuttapista/spec/models/user_spec.rb": [
        1,
        null,
        1,
        1,
        null,
        1,
        0,
        null,
        null,
        1,
        0,
        0,
        null,
        null,
        1,
        0,
        0,
        null,
        null,
        1,
        0,
        0,
        null,
        null,
        1,
        1,
        1,
        null,
        null
      ],
      "/home/lorenzo-linux/code/lrnzgll/atuttapista/spec/service/view_service_spec.rb": [
        1,
        null,
        1,
        1,
        1,
        1,
        null,
        1,
        1,
        0,
        0,
        0,
        null,
        null,
        null,
        null,
        null
      ],
      "/home/lorenzo-linux/code/lrnzgll/atuttapista/app/services/view/view_service.rb": [
        1,
        1,
        1,
        0,
        null,
        null,
        1,
        0,
        0,
        0,
        null,
        null,
        null,
        null
      ]
    },
    "timestamp": 1558865970
  }
}
